TN:
SF:src/presentation/helpers/http-response.js
FN:4,badRequest
FN:11,serverError
FNF:2
FNH:2
FNDA:2,badRequest
FNDA:2,serverError
DA:1,1
DA:2,1
DA:3,1
DA:4,1
DA:5,2
DA:6,2
DA:7,2
DA:8,2
DA:9,2
DA:10,1
DA:11,1
DA:12,2
DA:13,2
DA:14,2
DA:15,2
DA:16,1
LF:16
LH:16
BRF:0
BRH:0
end_of_record
TN:
SF:src/presentation/helpers/missing-param-error.js
FN:2,MissingParamError
FNF:1
FNH:1
FNDA:4,MissingParamError
DA:1,1
DA:2,1
DA:3,4
DA:4,4
DA:5,4
DA:6,1
LF:6
LH:6
BRF:0
BRH:0
end_of_record
TN:
SF:src/presentation/routers/login-router.js
FN:4,LoginRouter
FN:8,route
FNF:2
FNH:2
FNDA:5,LoginRouter
FNDA:5,route
DA:1,1
DA:2,1
DA:3,1
DA:4,1
DA:5,5
DA:6,5
DA:7,1
DA:8,1
DA:9,5
DA:10,5
DA:11,5
DA:12,5
DA:13,5
DA:14,5
DA:15,5
DA:16,5
DA:17,5
DA:18,5
DA:19,5
DA:20,5
DA:21,1
LF:21
LH:21
BRF:0
BRH:0
end_of_record
